Using pre-set license
Built from '2020.2/release' branch; Version is '2020.2.2f1 (068178b99f32) revision 426360'; Using compiler version '192528614'; Build Type 'Release'
OS: 'Windows 10 Home; OS build 19041.1; Version 2004; 64bit' Language: 'en' Physical Memory: 16261 MB
BatchMode: 1, IsHumanControllingUs: 0, StartBugReporterOnCrash: 0, Is64bit: 1, IsPro: 0

 COMMAND LINE ARGUMENTS:
C:\Users\benmb\OneDrive\Desktop\Important Programs\Unity\2020.2.2f1\Editor\Unity.exe
-adb2
-batchMode
-noUpm
-name
AssetImportWorker0
-projectPath
C:/Users/benmb/OneDrive/Documents/Unity/CarnivalAttemptV3Benji
-logFile
Logs/AssetImportWorker0.log
-srvPort
62235
Successfully changed project path to: C:/Users/benmb/OneDrive/Documents/Unity/CarnivalAttemptV3Benji
C:/Users/benmb/OneDrive/Documents/Unity/CarnivalAttemptV3Benji
Using Asset Import Pipeline V2.
Refreshing native plugins compatible for Editor in 34.64 ms, found 3 plugins.
Preloading 1 native plugins for Editor in 0.74 ms.
Initialize engine version: 2020.2.2f1 (068178b99f32)
[Subsystems] Discovering subsystems at path C:/Users/benmb/OneDrive/Desktop/Important Programs/Unity/2020.2.2f1/Editor/Data/Resources/UnitySubsystems
[Subsystems] Discovering subsystems at path C:/Users/benmb/OneDrive/Documents/Unity/CarnivalAttemptV3Benji/Assets
GfxDevice: creating device client; threaded=0
Direct3D:
    Version:  Direct3D 11.0 [level 11.1]
    Renderer: NVIDIA GeForce RTX 2060 (ID=0x1f11)
    Vendor:   
    VRAM:     5980 MB
    Driver:   27.21.14.5763
Initialize mono
Mono path[0] = 'C:/Users/benmb/OneDrive/Desktop/Important Programs/Unity/2020.2.2f1/Editor/Data/Managed'
Mono path[1] = 'C:/Users/benmb/OneDrive/Desktop/Important Programs/Unity/2020.2.2f1/Editor/Data/MonoBleedingEdge/lib/mono/unityjit'
Mono config path = 'C:/Users/benmb/OneDrive/Desktop/Important Programs/Unity/2020.2.2f1/Editor/Data/MonoBleedingEdge/etc'
Using monoOptions --debugger-agent=transport=dt_socket,embedding=1,server=y,suspend=n,address=127.0.0.1:56736
Begin MonoManager ReloadAssembly
Registering precompiled unity dll's ...
Register platform support module: C:/Users/benmb/OneDrive/Desktop/Important Programs/Unity/2020.2.2f1/Editor/Data/PlaybackEngines/WebGLSupport/UnityEditor.WebGL.Extensions.dll
Register platform support module: C:/Users/benmb/OneDrive/Desktop/Important Programs/Unity/2020.2.2f1/Editor/Data/PlaybackEngines/WindowsStandaloneSupport/UnityEditor.WindowsStandalone.Extensions.dll
Registered in 0.002475 seconds.
Native extension for WindowsStandalone target not found
Native extension for WebGL target not found
Refreshing native plugins compatible for Editor in 30.95 ms, found 3 plugins.
Preloading 1 native plugins for Editor in 0.08 ms.
Invoked RoslynAnalysisRunner static constructor.
RoslynAnalysisRunner will not be running.
RoslynAnalysisRunner has terminated.
Mono: successfully reloaded assembly
- Completed reload, in  1.170 seconds
Platform modules already initialized, skipping
Registering precompiled user dll's ...
Registered in 0.001827 seconds.
Begin MonoManager ReloadAssembly
Native extension for WindowsStandalone target not found
Native extension for WebGL target not found
Refreshing native plugins compatible for Editor in 35.37 ms, found 3 plugins.
Preloading 1 native plugins for Editor in 0.10 ms.
Invoked RoslynAnalysisRunner static constructor.
RoslynAnalysisRunner will not be running.
RoslynAnalysisRunner has terminated.
[XR] OculusXRPlugin: registering subsystems
[XR] Unable to register display lifecyle provider: [1]
[XR] Oculus Input lifecycle provider registered.
[XR] Unable to register input lifecyle provider: [1]
NullReferenceException: Object reference not set to an instance of an object
  at Unity.XR.Oculus.OculusLoader.AssetPathToAbsolutePath (System.String assetPath) [0x00048] in C:\Users\benmb\OneDrive\Documents\Unity\CarnivalAttemptV3Benji\Library\PackageCache\com.unity.xr.oculus@1.6.1\Runtime\OculusLoader.cs:242 
  at Unity.XR.Oculus.OculusLoader.EditorLoadOVRPlugin () [0x0007b] in C:\Users\benmb\OneDrive\Documents\Unity\CarnivalAttemptV3Benji\Library\PackageCache\com.unity.xr.oculus@1.6.1\Runtime\OculusLoader.cs:227 

(Filename: Library/PackageCache/com.unity.xr.oculus@1.6.1/Runtime/OculusLoader.cs Line: 242)

Mono: successfully reloaded assembly
- Completed reload, in  0.950 seconds
Platform modules already initialized, skipping
========================================================================
Worker process is ready to serve import requests
Launched and connected shader compiler UnityShaderCompiler.exe after 0.04 seconds
Refreshing native plugins compatible for Editor in 0.35 ms, found 3 plugins.
Preloading 1 native plugins for Editor in 0.08 ms.
Unloading 1627 Unused Serialized files (Serialized files now loaded: 0)
System memory in use before: 74.2 MB.
System memory in use after: 74.3 MB.

Unloading 14 unused Assets to reduce memory usage. Loaded Objects now: 2069.
Total: 2.877600 ms (FindLiveObjects: 0.142300 ms CreateObjectMapping: 0.049800 ms MarkObjects: 2.548700 ms  DeleteObjects: 0.135900 ms)

========================================================================
Received Import Request.
  path: Assets/Samples/XR Interaction Toolkit/1.0.0-pre.2/Default Input Actions
  artifactKey: Guid(42d33d6c58eb8294f96a91f918e92a6a) Importer(815301076,1909f56bfc062723c751e8b465ee728b)
Start importing Assets/Samples/XR Interaction Toolkit/1.0.0-pre.2/Default Input Actions using Guid(42d33d6c58eb8294f96a91f918e92a6a) Importer(815301076,1909f56bfc062723c751e8b465ee728b)  -> (artifact id: 'fe2f60ecf1cd19e6f08609aa5e6cc35b') in 0.004070 seconds
  Import took 0.006130 seconds .

========================================================================
Received Import Request.
  Time since last request: 128.697802 seconds.
  path: Assets/Samples/XR Interaction Toolkit/1.0.0-pre.2/Default Input Actions/XRI Default Continuous Move.preset
  artifactKey: Guid(91f9da00cfdac5d49955df2d2d820b9c) Importer(815301076,1909f56bfc062723c751e8b465ee728b)
Start importing Assets/Samples/XR Interaction Toolkit/1.0.0-pre.2/Default Input Actions/XRI Default Continuous Move.preset using Guid(91f9da00cfdac5d49955df2d2d820b9c) Importer(815301076,1909f56bfc062723c751e8b465ee728b)  -> (artifact id: 'aa72ed5e46bd4eda13aa29edfb147a3a') in 0.033224 seconds
  Import took 0.036256 seconds .

========================================================================
Received Import Request.
  Time since last request: 0.000339 seconds.
  path: Assets/Samples/XR Interaction Toolkit/1.0.0-pre.2/Default Input Actions/XRI Default Left Controller.preset
  artifactKey: Guid(ffd8268f7307a0c48a067dad4a8fe060) Importer(815301076,1909f56bfc062723c751e8b465ee728b)
Start importing Assets/Samples/XR Interaction Toolkit/1.0.0-pre.2/Default Input Actions/XRI Default Left Controller.preset using Guid(ffd8268f7307a0c48a067dad4a8fe060) Importer(815301076,1909f56bfc062723c751e8b465ee728b)  -> (artifact id: '8a68c8df5a9babe040208ddb6ba3e3a5') in 0.011545 seconds
  Import took 0.013850 seconds .

========================================================================
Received Import Request.
  Time since last request: 0.000319 seconds.
  path: Assets/Samples/XR Interaction Toolkit/1.0.0-pre.2/Default Input Actions/XRI Default Snap Turn.preset
  artifactKey: Guid(18697d253d848974aa7052cba872c9f0) Importer(815301076,1909f56bfc062723c751e8b465ee728b)
Start importing Assets/Samples/XR Interaction Toolkit/1.0.0-pre.2/Default Input Actions/XRI Default Snap Turn.preset using Guid(18697d253d848974aa7052cba872c9f0) Importer(815301076,1909f56bfc062723c751e8b465ee728b)  -> (artifact id: '97a7ea30105924ec514374c267ff63fe') in 0.005491 seconds
  Import took 0.007543 seconds .

========================================================================
Received Import Request.
  Time since last request: 0.000253 seconds.
  path: Assets/Samples/XR Interaction Toolkit/1.0.0-pre.2/Default Input Actions/XRI Default Input Actions.inputactions
  artifactKey: Guid(c348712bda248c246b8c49b3db54643f) Importer(815301076,1909f56bfc062723c751e8b465ee728b)
Start importing Assets/Samples/XR Interaction Toolkit/1.0.0-pre.2/Default Input Actions/XRI Default Input Actions.inputactions using Guid(c348712bda248c246b8c49b3db54643f) Importer(815301076,1909f56bfc062723c751e8b465ee728b)  -> (artifact id: '56b07663ba90587d30814c051fc33f55') in 0.009613 seconds
  Import took 0.012056 seconds .

========================================================================
Received Import Request.
  Time since last request: 0.000269 seconds.
  path: Assets/Samples/XR Interaction Toolkit/1.0.0-pre.2/Default Input Actions/XRI Default Continuous Turn.preset
  artifactKey: Guid(0caad3af14f9a414dbdf25ed41e5aa47) Importer(815301076,1909f56bfc062723c751e8b465ee728b)
Start importing Assets/Samples/XR Interaction Toolkit/1.0.0-pre.2/Default Input Actions/XRI Default Continuous Turn.preset using Guid(0caad3af14f9a414dbdf25ed41e5aa47) Importer(815301076,1909f56bfc062723c751e8b465ee728b)  -> (artifact id: '3477f03042311a446e671a4076607ad6') in 0.004976 seconds
  Import took 0.007156 seconds .

========================================================================
Received Import Request.
  Time since last request: 0.000291 seconds.
  path: Assets/Samples/XR Interaction Toolkit/1.0.0-pre.2/Default Input Actions/XRI Default Right Controller.preset
  artifactKey: Guid(1421ad86ff3787b4dae70fe9e699a25f) Importer(815301076,1909f56bfc062723c751e8b465ee728b)
Start importing Assets/Samples/XR Interaction Toolkit/1.0.0-pre.2/Default Input Actions/XRI Default Right Controller.preset using Guid(1421ad86ff3787b4dae70fe9e699a25f) Importer(815301076,1909f56bfc062723c751e8b465ee728b)  -> (artifact id: '7a0a5a857b42f7fc9a15f85aa62631fd') in 0.004250 seconds
  Import took 0.006495 seconds .

========================================================================
Received Import Request.
  Time since last request: 0.010795 seconds.
  path: Assets/Samples/XR Interaction Toolkit/1.0.0-pre.2/Default Input Actions/XRI Default Right Controller.preset
  artifactKey: Guid(1421ad86ff3787b4dae70fe9e699a25f) Importer(815301076,1909f56bfc062723c751e8b465ee728b)
Start importing Assets/Samples/XR Interaction Toolkit/1.0.0-pre.2/Default Input Actions/XRI Default Right Controller.preset using Guid(1421ad86ff3787b4dae70fe9e699a25f) Importer(815301076,1909f56bfc062723c751e8b465ee728b)  -> (artifact id: '7a0a5a857b42f7fc9a15f85aa62631fd') in 0.004128 seconds
  Import took 0.006486 seconds .

========================================================================
Received Import Request.
  Time since last request: 1024.457317 seconds.
  path: Assets
  artifactKey: Guid(00000000000000001000000000000000) Importer(815301076,1909f56bfc062723c751e8b465ee728b)
Start importing Assets using Guid(00000000000000001000000000000000) Importer(815301076,1909f56bfc062723c751e8b465ee728b)  -> (artifact id: '4a6e520b92ccfc61bcfa21a7bcab8468') in 0.001880 seconds
  Import took 0.004477 seconds .

========================================================================
Received Import Request.
  Time since last request: 7.710354 seconds.
  path: Assets/Materials
  artifactKey: Guid(a8da665f1f17ad4409c6d854d772e386) Importer(815301076,1909f56bfc062723c751e8b465ee728b)
Start importing Assets/Materials using Guid(a8da665f1f17ad4409c6d854d772e386) Importer(815301076,1909f56bfc062723c751e8b465ee728b)  -> (artifact id: 'f2ef08110e69c59979e8f8e20c521ae0') in 0.001878 seconds
  Import took 0.004078 seconds .

========================================================================
Received Import Request.
  Time since last request: 7.048687 seconds.
  path: Assets/Materials/Green.mat
  artifactKey: Guid(f984b60d29d1bcd45b102e54c7fddaa8) Importer(815301076,1909f56bfc062723c751e8b465ee728b)
Start importing Assets/Materials/Green.mat using Guid(f984b60d29d1bcd45b102e54c7fddaa8) Importer(815301076,1909f56bfc062723c751e8b465ee728b)  -> (artifact id: '3d92fb1632b79dbe716dfb840c867eb0') in 0.089354 seconds
  Import took 0.091724 seconds .

========================================================================
Received Import Request.
  Time since last request: 11.101333 seconds.
  path: Assets/Materials/Green.mat
  artifactKey: Guid(f984b60d29d1bcd45b102e54c7fddaa8) Importer(815301076,1909f56bfc062723c751e8b465ee728b)
Start importing Assets/Materials/Green.mat using Guid(f984b60d29d1bcd45b102e54c7fddaa8) Importer(815301076,1909f56bfc062723c751e8b465ee728b)  -> (artifact id: 'c3efd47e8537d89702509f328b1d6537') in 0.008611 seconds
  Import took 0.011606 seconds .

========================================================================
Received Import Request.
  Time since last request: 13.666076 seconds.
  path: Assets/Materials/Blue.mat
  artifactKey: Guid(b584c45fe01fef64d8864e1bbfa05789) Importer(815301076,1909f56bfc062723c751e8b465ee728b)
Start importing Assets/Materials/Blue.mat using Guid(b584c45fe01fef64d8864e1bbfa05789) Importer(815301076,1909f56bfc062723c751e8b465ee728b)  -> (artifact id: 'ccedcec26d2489684eac2bae7083f1fb') in 0.012865 seconds
  Import took 0.015095 seconds .

========================================================================
Received Import Request.
  Time since last request: 79.888779 seconds.
  path: Assets/Materials/Red.mat
  artifactKey: Guid(6a2e776661b0c464b8d20e9ed62aabc4) Importer(815301076,1909f56bfc062723c751e8b465ee728b)
Start importing Assets/Materials/Red.mat using Guid(6a2e776661b0c464b8d20e9ed62aabc4) Importer(815301076,1909f56bfc062723c751e8b465ee728b)  -> (artifact id: '0abc65e89247140e293d37404db6944d') in 0.006633 seconds
  Import took 0.008951 seconds .

========================================================================
Received Prepare
Registering precompiled user dll's ...
Registered in 0.001807 seconds.
Begin MonoManager ReloadAssembly
Native extension for WindowsStandalone target not found
Native extension for WebGL target not found
Refreshing native plugins compatible for Editor in 0.32 ms, found 3 plugins.
Preloading 1 native plugins for Editor in 0.08 ms.
Invoked RoslynAnalysisRunner static constructor.
RoslynAnalysisRunner will not be running.
RoslynAnalysisRunner has terminated.
NullReferenceException: Object reference not set to an instance of an object
  at Unity.XR.Oculus.OculusLoader.AssetPathToAbsolutePath (System.String assetPath) [0x00048] in C:\Users\benmb\OneDrive\Documents\Unity\CarnivalAttemptV3Benji\Library\PackageCache\com.unity.xr.oculus@1.6.1\Runtime\OculusLoader.cs:242 
  at Unity.XR.Oculus.OculusLoader.EditorLoadOVRPlugin () [0x0007b] in C:\Users\benmb\OneDrive\Documents\Unity\CarnivalAttemptV3Benji\Library\PackageCache\com.unity.xr.oculus@1.6.1\Runtime\OculusLoader.cs:227 

(Filename: Library/PackageCache/com.unity.xr.oculus@1.6.1/Runtime/OculusLoader.cs Line: 242)

Mono: successfully reloaded assembly
- Completed reload, in  0.780 seconds
Platform modules already initialized, skipping
Switching build target platform(5) subTarget(0) extendedPlatform(0) -> platform(13) subTarget(524288) extendedPlatform(0)
Refreshing native plugins compatible for Editor in 0.32 ms, found 3 plugins.
Preloading 1 native plugins for Editor in 0.07 ms.
Unloading 1613 Unused Serialized files (Serialized files now loaded: 0)
System memory in use before: 77.3 MB.
System memory in use after: 77.4 MB.

Unloading 7 unused Assets to reduce memory usage. Loaded Objects now: 2112.
Total: 5.354600 ms (FindLiveObjects: 0.399100 ms CreateObjectMapping: 0.151900 ms MarkObjects: 4.676500 ms  DeleteObjects: 0.124400 ms)

AssetImportParameters requested are different than current active one (requested -> active):
  custom:graphics/normal-map-encoding: 01000000000000000000000000000000 -> 02000000000000000000000000000000
AssetImportWorkerClient::OnTransportError - code=2 error=End of file
